Unity Editor version:    2020.3.26f1 (7298b473bc1a)
Branch:                  2020.3/staging
Build type:              Release
Batch mode:              YES
macOS version:           Version 12.1 (Build 21C52)
Darwin version:          21.2.0
Architecture:            x86_64
Running under Rosetta:   NO
Available memory:        8192 MB
Using pre-set license
Pro License: NO

COMMAND LINE ARGUMENTS:
/Applications/Unity/Unity.app/Contents/MacOS/Unity
-adb2
-batchMode
-noUpm
-name
AssetImportWorker0
-projectPath
/Users/curtis/UnityGames/PineapplePouncerGame/Vassar_Hacks_2022/Vassar_hacks_2022_game
-logFile
Logs/AssetImportWorker0.log
-srvPort
63438
Successfully changed project path to: /Users/curtis/UnityGames/PineapplePouncerGame/Vassar_Hacks_2022/Vassar_hacks_2022_game
/Users/curtis/UnityGames/PineapplePouncerGame/Vassar_Hacks_2022/Vassar_hacks_2022_game
Using Asset Import Pipeline V2.
Refreshing native plugins compatible for Editor in 56.44 ms, found 3 plugins.
Preloading 0 native plugins for Editor in 0.00 ms.
Initialize engine version: 2020.3.26f1 (7298b473bc1a)
[Subsystems] Discovering subsystems at path /Applications/Unity/Unity.app/Contents/Resources/UnitySubsystems
[Subsystems] Discovering subsystems at path /Users/curtis/UnityGames/PineapplePouncerGame/Vassar_Hacks_2022/Vassar_hacks_2022_game/Assets
GfxDevice: creating device client; threaded=0
2022-04-23 12:54:06.789 Unity[56360:9331689] Color LCD preferred device: Intel(R) Iris(TM) Plus Graphics 645 (low power)
2022-04-23 12:54:06.789 Unity[56360:9331689] Metal devices available: 1
2022-04-23 12:54:06.789 Unity[56360:9331689] 0: Intel(R) Iris(TM) Plus Graphics 645 (low power)
2022-04-23 12:54:06.789 Unity[56360:9331689] Using device Intel(R) Iris(TM) Plus Graphics 645 (low power)
Initializing Metal device caps: Intel(R) Iris(TM) Plus Graphics 645
Initialize mono
Mono path[0] = '/Applications/Unity/Unity.app/Contents/Managed'
Mono path[1] = '/Applications/Unity/Unity.app/Contents/MonoBleedingEdge/lib/mono/unityjit'
Mono config path = '/Applications/Unity/Unity.app/Contents/MonoBleedingEdge/etc'
Using monoOptions --debugger-agent=transport=dt_socket,embedding=1,server=y,suspend=n,address=127.0.0.1:56360
Begin MonoManager ReloadAssembly
Registering precompiled unity dll's ...
Register platform support module: /Applications/Unity/PlaybackEngines/WebGLSupport/UnityEditor.WebGL.Extensions.dll
Register platform support module: /Applications/Unity/Unity.app/Contents/PlaybackEngines/MacStandaloneSupport/UnityEditor.OSXStandalone.Extensions.dll
Registered in 0.004746 seconds.
Native extension for OSXStandalone target not found
Native extension for WebGL target not found
Refreshing native plugins compatible for Editor in 46.36 ms, found 3 plugins.
Preloading 0 native plugins for Editor in 0.00 ms.
Mono: successfully reloaded assembly
- Completed reload, in  0.691 seconds
Domain Reload Profiling:
	ReloadAssembly (691ms)
		BeginReloadAssembly (41ms)
			ExecutionOrderSort (0ms)
			DisableScriptedObjects (0ms)
			BackupInstance (0ms)
			ReleaseScriptingObjects (0ms)
			CreateAndSetChildDomain (1ms)
		EndReloadAssembly (563ms)
			LoadAssemblies (43ms)
			RebuildTransferFunctionScriptingTraits (0ms)
			SetupTypeCache (209ms)
			ReleaseScriptCaches (0ms)
			RebuildScriptCaches (42ms)
			SetupLoadedEditorAssemblies (210ms)
				LogAssemblyErrors (0ms)
				InitializePlatformSupportModulesInManaged (6ms)
				SetLoadedEditorAssemblies (0ms)
				RefreshPlugins (46ms)
				BeforeProcessingInitializeOnLoad (10ms)
				ProcessInitializeOnLoadAttributes (113ms)
				ProcessInitializeOnLoadMethodAttributes (34ms)
				AfterProcessingInitializeOnLoad (0ms)
				EditorAssembliesLoaded (0ms)
			ExecutionOrderSort2 (0ms)
			AwakeInstancesAfterBackupRestoration (0ms)
Platform modules already initialized, skipping
Registering precompiled user dll's ...
Registered in 0.008831 seconds.
Begin MonoManager ReloadAssembly
Native extension for OSXStandalone target not found
Native extension for WebGL target not found
Refreshing native plugins compatible for Editor in 46.62 ms, found 3 plugins.
Preloading 0 native plugins for Editor in 0.00 ms.
Mono: successfully reloaded assembly
- Completed reload, in  1.353 seconds
Domain Reload Profiling:
	ReloadAssembly (1357ms)
		BeginReloadAssembly (167ms)
			ExecutionOrderSort (0ms)
			DisableScriptedObjects (6ms)
			BackupInstance (0ms)
			ReleaseScriptingObjects (0ms)
			CreateAndSetChildDomain (28ms)
		EndReloadAssembly (1119ms)
			LoadAssemblies (116ms)
			RebuildTransferFunctionScriptingTraits (0ms)
			SetupTypeCache (397ms)
			ReleaseScriptCaches (1ms)
			RebuildScriptCaches (65ms)
			SetupLoadedEditorAssemblies (391ms)
				LogAssemblyErrors (0ms)
				InitializePlatformSupportModulesInManaged (4ms)
				SetLoadedEditorAssemblies (0ms)
				RefreshPlugins (47ms)
				BeforeProcessingInitializeOnLoad (67ms)
				ProcessInitializeOnLoadAttributes (247ms)
				ProcessInitializeOnLoadMethodAttributes (24ms)
				AfterProcessingInitializeOnLoad (1ms)
				EditorAssembliesLoaded (0ms)
			ExecutionOrderSort2 (0ms)
			AwakeInstancesAfterBackupRestoration (8ms)
Platform modules already initialized, skipping
Validating Project structure ... 0.000196 seconds.
Shader import version has changed; will reimport all shaders...
Upgrading shader files ...0.000288 seconds.
Application.AssetDatabase Initial Script Refresh Start
RefreshInfo: InitialScriptRefreshV2(NoUpdateAssetOptions) scanfilter:  ... 1 filters
RefreshProfiler: Total: 0.000ms
Application.AssetDatabase Initial Script Refresh End
Application.AssetDatabase.Refresh Start
Application.AssetDatabase.Refresh End
RefreshInfo: StopAssetImportingV2(ForceSynchronousImport) scanfilter: 
RefreshProfiler: Total: 0.000ms
Launching external process: /Applications/Unity/Unity.app/Contents/Tools/UnityShaderCompiler
Launched and connected shader compiler UnityShaderCompiler after 0.01 seconds
Initializing Unity extensions:
2022-04-23 12:54:10.799 Unity[56360:9331689] NSEventModifierFlagFunction specified to -setKeyEquivalentModifierMask: for item <NSMenuItem: 0x60000256f330 Font Asset, ke='Command-F12'>, but is only supported for system-provided menu items; will not be used
2022-04-23 12:54:10.803 Unity[56360:9331689] NSEventModifierFlagFunction specified to -setKeyEquivalentModifierMask: for item <NSMenuItem: 0x60000251aa00 Font Asset, ke='Command-F12'>, but is only supported for system-provided menu items; will not be used
========================================================================
Worker process is ready to serve import requests
Refreshing native plugins compatible for Editor in 0.47 ms, found 3 plugins.
Preloading 0 native plugins for Editor in 0.00 ms.
Unloading 2198 Unused Serialized files (Serialized files now loaded: 0)
System memory in use before: 194.6 MB.
System memory in use after: 193.9 MB.

Unloading 101 unused Assets to reduce memory usage. Loaded Objects now: 2670.
Total: 3.665677 ms (FindLiveObjects: 0.167331 ms CreateObjectMapping: 0.084467 ms MarkObjects: 2.901452 ms  DeleteObjects: 0.511468 ms)

AssetImportParameters requested are different than current active one (requested -> active):
  custom:video-decoder-ogg-theora: a1e56fd34408186e4bbccfd4996cb3dc -> 
  custom:container-muxer-webm: aa71ff27fc2769a1b78a27578f13a17b -> 
  custom:container-demuxer-webm: 4f35f7cbe854078d1ac9338744f61a02 -> 
  custom:container-demuxer-ogg: 62fdf1f143b41e24485cea50d1cbac27 -> 
  custom:video-encoder-webm-vp8: eb34c28f22e8b96e1ab97ce403110664 -> 
  custom:framework-osx-AVFoundation: e770b220cccbd017edd2c1fefb359320 -> 
  custom:video-decoder-webm-vp8: 9c59270c3fd7afecdb556c50c9e8de78 -> 
  custom:audio-decoder-ogg-vorbis: bf7c407c2cedff20999df2af8eb42d56 -> 
  custom:audio-encoder-webm-vorbis: bf7c407c2cedff20999df2af8eb42d56 -> 
========================================================================
Received Import Request.
  path: Assets/Scripts
  artifactKey: Guid(5608664355bc4495e8ce5df6b4e36a3a) Importer(815301076,1909f56bfc062723c751e8b465ee728b)
Start importing Assets/Scripts using Guid(5608664355bc4495e8ce5df6b4e36a3a) Importer(815301076,1909f56bfc062723c751e8b465ee728b)  -> (artifact id: '6a25cf3a73f9aaf15254edbbe97fd241') in 0.005506 seconds 
  Import took 0.008603 seconds .

========================================================================
Received Import Request.
  Time since last request: 53.470625 seconds.
  path: Assets/Scenes
  artifactKey: Guid(e88980172bf594103a8eea28da34dac8) Importer(815301076,1909f56bfc062723c751e8b465ee728b)
Start importing Assets/Scenes using Guid(e88980172bf594103a8eea28da34dac8) Importer(815301076,1909f56bfc062723c751e8b465ee728b)  -> (artifact id: '16ca2c654b31e15064baef190a5de7b7') in 0.002624 seconds 
  Import took 0.019549 seconds .

========================================================================
Received Import Request.
  Time since last request: 0.999371 seconds.
  path: Assets/Scenes/SampleScene.unity
  artifactKey: Guid(2cda990e2423bbf4892e6590ba056729) Importer(815301076,1909f56bfc062723c751e8b465ee728b)
Start importing Assets/Scenes/SampleScene.unity using Guid(2cda990e2423bbf4892e6590ba056729) Importer(815301076,1909f56bfc062723c751e8b465ee728b)  -> (artifact id: '25d2b9ec860fc5bbd696f6b2c318f8cf') in 0.045648 seconds 
  Import took 0.051551 seconds .

========================================================================
Received Import Request.
  Time since last request: 11.043055 seconds.
  path: Assets/Scenes/MainScene.unity
  artifactKey: Guid(2cda990e2423bbf4892e6590ba056729) Importer(815301076,1909f56bfc062723c751e8b465ee728b)
Start importing Assets/Scenes/MainScene.unity using Guid(2cda990e2423bbf4892e6590ba056729) Importer(815301076,1909f56bfc062723c751e8b465ee728b)  -> (artifact id: 'ed64c6f60b6d39fef891c2fd704c274d') in 0.001910 seconds 
  Import took 0.005528 seconds .

========================================================================
Received Import Request.
  Time since last request: 416.165170 seconds.
  path: Assets/Sprites
  artifactKey: Guid(2c99e365ff01f4c5fb3d05f9d3a1d6e6) Importer(815301076,1909f56bfc062723c751e8b465ee728b)
Start importing Assets/Sprites using Guid(2c99e365ff01f4c5fb3d05f9d3a1d6e6) Importer(815301076,1909f56bfc062723c751e8b465ee728b)  -> (artifact id: '6d565bbcbec69b30030daf8a5c13374b') in 0.010822 seconds 
  Import took 0.112832 seconds .

========================================================================
Received Import Request.
  Time since last request: 16.425850 seconds.
  path: Assets/Sprites/—Pngtree—bottle waste that can pollute_7362220.png
  artifactKey: Guid(20c90fdab31af4bd09723e211614df07) Importer(815301076,1909f56bfc062723c751e8b465ee728b)
Start importing Assets/Sprites/—Pngtree—bottle waste that can pollute_7362220.png using Guid(20c90fdab31af4bd09723e211614df07) Importer(815301076,1909f56bfc062723c751e8b465ee728b)  -> (artifact id: '40b89b4222e0a2cdf639bef5535dfe0a') in 0.560836 seconds 
  Import took 0.573994 seconds .

========================================================================
Received Import Request.
  Time since last request: 46.040213 seconds.
  path: Assets/Sprites/Bottle.png
  artifactKey: Guid(20c90fdab31af4bd09723e211614df07) Importer(815301076,1909f56bfc062723c751e8b465ee728b)
Start importing Assets/Sprites/Bottle.png using Guid(20c90fdab31af4bd09723e211614df07) Importer(815301076,1909f56bfc062723c751e8b465ee728b)  -> (artifact id: '26b89dc2cd41dc362a9baaba2c2acbf2') in 0.060473 seconds 
  Import took 0.066177 seconds .

========================================================================
Received Import Request.
  Time since last request: 1530.149307 seconds.
  path: Assets/Sprites/looping_background.png
  artifactKey: Guid(cb0c11642913647bf9615b6a6aa1bc70) Importer(815301076,1909f56bfc062723c751e8b465ee728b)
Start importing Assets/Sprites/looping_background.png using Guid(cb0c11642913647bf9615b6a6aa1bc70) Importer(815301076,1909f56bfc062723c751e8b465ee728b)  -> (artifact id: 'ccb47509bb5196d23b592b0522ccf35a') in 0.132420 seconds 
  Import took 0.186951 seconds .

========================================================================
Received Import Request.
  Time since last request: 11.601329 seconds.
  path: Assets/Sprites/looping_background.png
  artifactKey: Guid(cb0c11642913647bf9615b6a6aa1bc70) Importer(815301076,1909f56bfc062723c751e8b465ee728b)
Start importing Assets/Sprites/looping_background.png using Guid(cb0c11642913647bf9615b6a6aa1bc70) Importer(815301076,1909f56bfc062723c751e8b465ee728b)  -> (artifact id: 'e103681e6566cb90b911bcd2aa451707') in 0.026168 seconds 
  Import took 0.030514 seconds .

========================================================================
Received Import Request.
  Time since last request: 13.753584 seconds.
  path: Assets/Sprites/looping_background.png
  artifactKey: Guid(cb0c11642913647bf9615b6a6aa1bc70) Importer(815301076,1909f56bfc062723c751e8b465ee728b)
Start importing Assets/Sprites/looping_background.png using Guid(cb0c11642913647bf9615b6a6aa1bc70) Importer(815301076,1909f56bfc062723c751e8b465ee728b)  -> (artifact id: 'de7e2c6fdb90cd88c67a1f77a8798a04') in 0.229676 seconds 
  Import took 0.234411 seconds .

